2023-05-08 12:10:16.055896 Light: ON
2023-05-08 12:10:24.531340 Light: ON
2023-05-08 12:10:27.641991 Light: ON
2023-05-08 12:36:05.383271 Light: ON
2023-05-08 12:36:21.330046 Light: ON
2023-05-08 12:36:24.432468 Light: ON
2023-05-08 12:37:21.672460 Light: ON
2023-05-08 12:38:03.504977 Light: ON
2023-05-08 12:38:24.934648 Switch: ON
2023-05-08 12:38:51.535331 Light: OFF
2023-05-08 12:39:57.026511 Light: OFF
2023-05-08 12:40:14.068032 Light: ON
2023-05-08 12:40:16.705761 Light: ON
2023-05-09 00:42:52.426461 Light: ON
2023-05-09 00:43:25.104473 Light: ON
2023-05-09 00:43:31.154554 Light: ON
2023-05-09 00:43:41.202936 Light: OFF
2023-05-09 00:43:45.504861 Switch: OFF
2023-05-09 00:43:49.809920 Switch: ON
2023-05-09 12:20:16.313308 Light: ON
2023-05-09 12:21:28.839619 Light: ON
2023-05-09 12:21:39.999786 Light: OFF
2023-05-09 12:22:37.723331 Light: ON
2023-05-09 12:52:45.836803 Light: ON
2023-05-09 14:25:24.764801 Light: ON
2023-05-09 14:25:52.561798 Light: ON
2023-05-09 14:26:11.063678 Light: ON
2023-05-09 14:27:32.047636 Switch: ON
2023-05-09 14:27:47.081151 Switch: OFF
2023-05-09 14:27:58.468836 Light: ON
2023-05-09 14:28:36.641475 Light: ON
2023-05-09 14:29:36.021390 Light: ON
2023-05-09 14:29:42.488847 Light: OFF
2023-05-09 14:29:58.192222 Fan: ('ON','90',0)
2023-05-09 14:30:17.228447 Switch: ON
2023-05-09 14:31:15.053469 Switch: ON
2023-05-09 14:32:08.203849 Switch: ON
2023-05-14 11:10:15.000989 Light: ON
2023-05-15 22:41:00.141769 Light: ON
2023-05-15 22:41:10.927571 Light: OFF
2023-05-15 22:41:38.681873 Light: ON
2023-05-15 22:41:43.987887 Light: OFF
2023-05-15 22:42:10.840810 Fan: ('ON','60','33.9')
2023-05-15 22:42:24.372580 Fan: ('ON','30','33.9')
2023-05-15 22:42:26.312011 Fan: ('ON','30','33.9')
2023-05-15 22:43:07.512972 Fan: ('ON','90','33.9')
2023-05-17 12:42:11.300718 Light: ON
2023-05-17 12:43:07.771150 Light: OFF
2023-05-17 15:30:33.418127 MusicPlayer: ON
2023-05-17 15:35:53.904122 MusicPlayer: OFF
2023-05-17 16:44:02.475347 Fan: ('30','ON','33.9')
2023-05-17 16:44:15.485454 Fan: ('0','OFF','33.9')
2023-05-17 16:52:06.648528 Switch: ON
2023-05-17 16:53:46.128751 Switch: OFF
2023-05-17 17:54:26.927885 Music Player: ON
2023-05-17 17:54:30.037419 Music Player: ON
2023-05-17 17:54:41.359006 Music Player: OFF
